Glide version 103139 (mmshare version 66139)
mmshare         9ee1606ff7
glide-src       0c7906001c
psp-src         ac42b27dd9
macromodel-src  5e4a4d6d65
epik-src        b46493d025

Copyright (c) Schrodinger, LLC.
All Rights Reserved.

 Date: Friday, July 24 2026, at 14:39:06 BST
 Host: Linux hal 6.8.0-124-generic #124~22.04.1-Ubuntu SMP PREEMPT_DYNAMIC Tue May 26 21:05:19 UTC  x86_64
 Job Name: docking
 SCHRODINGER  directory: /home/apps/schrodinger2024-2
 GLIDE_EXEC  directory: /home/apps/schrodinger2024-2/glide-v10.3/bin/Linux-x86_64
 MMSHARE_EXEC directory: /home/apps/schrodinger2024-2/mmshare-v6.6/bin/Linux-x86_64
 VdW radii of ligand atoms scaled by   0.80000
 Charge cutoff for polarity   0.15000
 Receptor setup: (nsites, nx, ny, nz, bsize)=( 125, 35, 35, 35,  1.00000 )
 Screening setup finished.
 DOCKMAIN: getting receptor.
 DOCKMAIN after grid: (nx, ny, nz) = ( 96, 96, 96 ).
 DOCKMAIN: Grid setup finished
Calling S-OPLS atomtyping ...
Finished parameter assignment

Reading torsion control file '/home/apps/schrodinger2024-2/glide-v10.3/bin/Linux-x86_64/../../data/torcontrol.txt':
  
  Using generalized torsion control 
  
 Number of rotatable bonds           13
 Using templates for ring conformations.

GlideScore version SP5.0 will be used

  
 Buried polar penalty      0.000
 Coulomb vdW cutoff        0.000
 H bond cutoff             0.000
 Metal-ligand cutoff      10.000
Assigning GlideScore SP5.0 parameters
Postdocking minimization:   5 poses; CvdW cutoffs   100.0 kcal/mol for min,     0.0 kcal/mol for report.
GlideScore(  -11.21)+Epik State Penalty(    0.00) =   -11.21 kcal/mol
DOCKING RESULTS FOR LIGAND        1 (/home/andy/proj/701/output/2026_07_07_SMILES-RNN_PR_run/PR_GlideDock/261/261_48.smi:1)
Best Emodel=  -109.67 E=   -70.41 Eint=     6.13 GlideScore=   -11.21

Glide is executing the glide_sort command.
Command used is:
  "/home/apps/schrodinger2024-2/utilities/glide_sort" -n 0 -o "/home/andy/proj/DProject_Workspace/testing/tempresults/crossdocking/L_PR_to_R_PPS/jobs/0007_261_48-6/docking_lib.sdfgz"  -norecep -hbond_cut 0.00 -cvdw_cut 0.00 -metal_cut 10.00 -gscore_cut 100.00 -dscore_cut 100.00 "docking_raw.sdfgz"
                                  Glide Sort                                  
------------------------------------------------------------------------------
REPORT OF BEST 1 POSES

The sorted ligand structures were written to the file:
    /home/andy/proj/DProject_Workspace/testing/tempresults/crossdocking/L_PR_to_R_PPS/jobs/0007_261_48-6/docking_lib.sdfgz

Final rankings based on original docking score.

0 poses were rejected by the energy filters,
    Coul+vdw Energy    <=     0.0
    Hbond Interaction  <=     0.0
    Metal Interaction  <=    10.0
    GlideScore         <=   100.0
    Docking Score      <=   100.0
(If any of the above properties is not defined for a given pose,
 the corresponding filter is not applied to that pose.)


glide_sort command succeeded.  Pose file /home/andy/proj/DProject_Workspace/testing/tempresults/crossdocking/L_PR_to_R_PPS/jobs/0007_261_48-6/docking_lib.sdfgz was written.

Exiting Glide
Date: Friday, July 24 2026, at 14:39:48 BST
CPU time (s): 41.6 user, 0.4 system, 43.2 real
Total elapsed time = 43 seconds
