Glide version 101140 (mmshare version 64140)
mmshare         7e2e09bde6
glide-src       caa4c59e65
psp-src         86ad505f80
macromodel-src  a1e2893b06
epik-src        dac97ffddd

Copyright (c) Schrodinger, LLC.
All Rights Reserved.

--------------------------------------------------------------------------------
JobId          : 65abd591-6b4f-11f1-a98f-42010a658011
Name           : PR_Auto_Grid
Program        : Glide
Version        : 2023-4 build 140
Host           : session-1.virtual-cluster.lan
Dir            : /home/user320/PR_Auto_Grid
HostEntry      : localhost
JobHost        : session-1.virtual-cluster.lan
JobDir         : /tmp/user320/jobs/65abd591-6b4f-11f1-a98f-42010a658011
JobSchrodinger : /opt/schrodinger/suite/suites/mounts/suite2023-4-build140
Commandline    : /opt/schrodinger/suite/suites/mounts/suite2023-4-build140/glide PR_Auto_Grid.in -OVERWRITE -HOST localhost -PROJ /tmp/user320/Tmp_18Jun2026_1900_19571 -DISP ignore -VIEWNAME glide_gridgen_gui.GridGenPanel -TMPLAUNCHDIR
StartTime      : 2026-06-18-19:53:38
--------------------------------------------------------------------------------

Calling OPLS_2005 atomtyping ...
Finished parameter assignment
 VdW radii of protein atoms scaled by    1.00000000000000     
 Charge cutoff for polarity  0.250000000000000     
  Receptor setup: (nsites, nx, ny, nz, bsize)=(         125 ,           27 , 
          27 ,           27 ,    1.00000000000000      ).
 Screening setup finished.
 DOCKMAIN: getting receptor.
  DOCKMAIN after grid: (nx, ny, nz) = (          72 ,           72 , 
          72 ).
Creating output grid archive 'PR_Auto_Grid.zip'

Exiting Glide
Date: Thursday, June 18 2026, at 19:54:56 UTC
CPU time (s): 74.4 user, 0.5 system, 75.5 real
Total elapsed time = 76 seconds (1 minutes, 16 seconds)
